<?xml version="1.0" encoding="UTF-8"?>
<testng-results skipped="0" failed="0" ignored="0" total="1" passed="1">
  <reporter-output>
  </reporter-output>
  <suite name="Default suite" duration-ms="6554" started-at="2022-01-28T17:38:16Z" finished-at="2022-01-28T17:38:23Z">
    <groups>
    </groups>
    <test name="Default test" duration-ms="6554" started-at="2022-01-28T17:38:16Z" finished-at="2022-01-28T17:38:23Z">
      <class name="org.testNgTasks.Task1">
        <test-method status="PASS" signature="browserLaunch()[pri:0, instance:org.testNgTasks.Task1@42d80b78]" name="browserLaunch" is-config="true" duration-ms="6178" started-at="2022-01-28T17:38:16Z" finished-at="2022-01-28T17:38:23Z">
          <reporter-output>
          </reporter-output>
        </test-method> <!-- browserLaunch -->
        <test-method status="PASS" signature="getData()[pri:0, instance:org.testNgTasks.Task1@42d80b78]" name="getData" duration-ms="343" started-at="2022-01-28T17:38:23Z" finished-at="2022-01-28T17:38:23Z">
          <reporter-output>
          </reporter-output>
        </test-method> <!-- getData -->
      </class> <!-- org.testNgTasks.Task1 -->
    </test> <!-- Default test -->
  </suite> <!-- Default suite -->
</testng-results>
